<?xml version="1.0" encoding="UTF-8" ?>
<testsuite tests="5" failures="0" name="calendar.TimeTableRandomTest" time="29.958" errors="0" skipped="0">
  <properties>
[...]
</properties>
  <testcase classname="calendar.TimeTableRandomTest" name="randomtest01" time="7.461"/>
  <testcase classname="calendar.TimeTableRandomTest" name="randomtest02" time="7.499"/>
  <testcase classname="calendar.TimeTableRandomTest" name="randomtest03" time="7.498"/>
  <testcase classname="calendar.TimeTableRandomTest" name="randomtest04" time="7.5"/>
  <testcase classname="calendar.TimeTableRandomTest" name="randomtest05" time="0"/>
</testsuite>